c:\sandbox\sampleproject\sampleproject\x64\release\vc141.pdb
c:\sandbox\sampleproject\sampleproject\x64\release\voxelmeshgeneratorbyvtk.nativecodeanalysis.xml
c:\sandbox\sampleproject\sampleproject\x64\release\settinganalyticproperties.nativecodeanalysis.xml
c:\sandbox\sampleproject\sampleproject\x64\release\main.nativecodeanalysis.xml
c:\sandbox\sampleproject\sampleproject\x64\release\fdmsolverforheateq.nativecodeanalysis.xml
c:\sandbox\sampleproject\sampleproject\x64\release\fdmsolverforheateq.obj
c:\sandbox\sampleproject\sampleproject\x64\release\main.obj
c:\sandbox\sampleproject\sampleproject\x64\release\settinganalyticproperties.obj
c:\sandbox\sampleproject\sampleproject\x64\release\voxelmeshgeneratorbyvtk.obj
c:\users\owner\source\repos\qiita\20190117\sampleproject\sampleproject\x64\release\vc141.pdb
c:\users\owner\source\repos\qiita\20190117\sampleproject\sampleproject\x64\release\voxelmeshgeneratorbyvtk.nativecodeanalysis.xml
c:\users\owner\source\repos\qiita\20190117\sampleproject\sampleproject\x64\release\settinganalyticproperties.nativecodeanalysis.xml
c:\users\owner\source\repos\qiita\20190117\sampleproject\sampleproject\x64\release\main.nativecodeanalysis.xml
c:\users\owner\source\repos\qiita\20190117\sampleproject\sampleproject\x64\release\fdmsolverforheateq.nativecodeanalysis.xml
c:\users\owner\source\repos\qiita\20190117\sampleproject\sampleproject\x64\release\fdmsolverforheateq.obj
c:\users\owner\source\repos\qiita\20190117\sampleproject\sampleproject\x64\release\main.obj
c:\users\owner\source\repos\qiita\20190117\sampleproject\sampleproject\x64\release\settinganalyticproperties.obj
c:\users\owner\source\repos\qiita\20190117\sampleproject\sampleproject\x64\release\voxelmeshgeneratorbyvtk.obj
c:\users\owner\source\repos\qiita\20190117\sampleproject\sampleproject\x64\release\vtkvoxelmeshgenerator.nativecodeanalysis.xml
c:\users\owner\source\repos\qiita\20190117\sampleproject\sampleproject\x64\release\vtksettinganalyticproperties.nativecodeanalysis.xml
c:\users\owner\source\repos\qiita\20190117\sampleproject\sampleproject\x64\release\fdmsolverfordiffusioneq.nativecodeanalysis.xml
c:\users\owner\source\repos\qiita\20190117\sampleproject\sampleproject\x64\release\fdmsolverfordiffusioneq.obj
c:\users\owner\source\repos\qiita\20190117\sampleproject\sampleproject\x64\release\vtksettinganalyticproperties.obj
c:\users\owner\source\repos\qiita\20190117\sampleproject\sampleproject\x64\release\vtkvoxelmeshgenerator.obj
c:\sandbox\sampleproject\x64\release\sampleproject.exe
c:\sandbox\sampleproject\x64\release\sampleproject.pdb
c:\users\owner\source\repos\qiita\20190117\sampleproject\x64\release\sampleproject.exe
c:\users\owner\source\repos\qiita\20190117\sampleproject\x64\release\sampleproject.pdb
c:\sandbox\sampleproject\x64\release\sampleproject.ipdb
c:\sandbox\sampleproject\x64\release\sampleproject.iobj
c:\users\owner\source\repos\qiita\20190117\sampleproject\x64\release\sampleproject.ipdb
c:\users\owner\source\repos\qiita\20190117\sampleproject\x64\release\sampleproject.iobj
c:\users\owner\source\repos\qiita\20190117\sampleproject\sampleproject\x64\release\nativecodeanalysis.read.1.tlog
c:\users\owner\source\repos\qiita\20190117\sampleproject\sampleproject\x64\release\vc.nativecodeanalysis.all.xml
c:\users\owner\source\repos\qiita\20190117\sampleproject\x64\release\sampleproject.exe.lastcodeanalysissucceeded
c:\users\owner\source\repos\qiita\20190117\sampleproject\sampleproject\x64\release\sampleproject.tlog\cl.command.1.tlog
c:\users\owner\source\repos\qiita\20190117\sampleproject\sampleproject\x64\release\sampleproject.tlog\cl.read.1.tlog
c:\users\owner\source\repos\qiita\20190117\sampleproject\sampleproject\x64\release\sampleproject.tlog\cl.write.1.tlog
c:\users\owner\source\repos\qiita\20190117\sampleproject\sampleproject\x64\release\sampleproject.tlog\link.command.1.tlog
c:\users\owner\source\repos\qiita\20190117\sampleproject\sampleproject\x64\release\sampleproject.tlog\link.read.1.tlog
c:\users\owner\source\repos\qiita\20190117\sampleproject\sampleproject\x64\release\sampleproject.tlog\link.write.1.tlog
c:\users\owner\source\repos\qiita\20190117\sampleproject\sampleproject\x64\release\sampleproject.tlog\sampleproject.write.1u.tlog
