  FDMSolverForDiffusionEq.cpp
  main.cpp
  vtkSettingAnalyticProperties.cpp
  vtkVoxelMeshGenerator.cpp
  コンパイル中...
  コード生成しています。
c:\users\owner\source\repos\qiita\vtkで作った解析用構造格子を自作fdmソルバーに投げて計算結果をparaviewで見てみる\sampleproject\sampleproject\vtkindexutility.h(30): warning C4172: ローカル変数またはテンポラリのアドレスを返します: xyzId
c:\users\owner\source\repos\qiita\vtkで作った解析用構造格子を自作fdmソルバーに投げて計算結果をparaviewで見てみる\sampleproject\sampleproject\vtkindexutility.h(46): warning C4172: ローカル変数またはテンポラリのアドレスを返します: peripheralXYZs
  306 of 306 functions (100.0%) were compiled.
    119 functions were new in current compilation
    0 functions had inline decision re-evaluated but remain unchanged
  コード生成が終了しました。
  SampleProject.vcxproj -> C:\Users\Owner\source\repos\Qiita\VTKで作った解析用構造格子を自作FDMソルバーに投げて計算結果をParaViewで見てみる\SampleProject\x64\Release\SampleProject.exe
c:\users\owner\source\repos\qiita\vtkで作った解析用構造格子を自作fdmソルバーに投げて計算結果をparaviewで見てみる\sampleproject\sampleproject\fdmsolverfordiffusioneq.h(13): warning C26495: Variable 'FDMSolverForDiffusionEq::wallXYZBC' is uninitialized. Always initialize a member variable (type.6).
c:\local\vtk\vtk-8.1.2\install\include\vtk-8.1\vtkobjectbase.h(222): warning C26495: Variable 'vtkObjectBase::WeakPointers' is uninitialized. Always initialize a member variable (type.6).
c:\users\owner\source\repos\qiita\vtkで作った解析用構造格子を自作fdmソルバーに投げて計算結果をparaviewで見てみる\sampleproject\sampleproject\vtksettinganalyticproperties.h(20): warning C26495: Variable 'vtkSettingAnalyticProperties::cellDims' is uninitialized. Always initialize a member variable (type.6).
c:\local\vtk\vtk-8.1.2\install\include\vtk-8.1\vtkvariantinlineoperators.h(15): warning C6287: 重複するコードです: 左と右のサブ式が同一です。
c:\local\vtk\vtk-8.1.2\install\include\vtk-8.1\vtkmath.h(1438): warning C26451: Arithmetic overflow: Using operator '-' on a 4 byte value and then casting the result to a 8 byte value. Cast the value to the wider type before calling operator '-' to avoid overflow (io.2).
c:\local\vtk\vtk-8.1.2\install\include\vtk-8.1\vtkmath.h(1437): warning C26451: Arithmetic overflow: Using operator '-' on a 4 byte value and then casting the result to a 8 byte value. Cast the value to the wider type before calling operator '-' to avoid overflow (io.2).
c:\local\vtk\vtk-8.1.2\install\include\vtk-8.1\vtkmath.h(1437): warning C26451: Arithmetic overflow: Using operator '-' on a 4 byte value and then casting the result to a 8 byte value. Cast the value to the wider type before calling operator '-' to avoid overflow (io.2).
c:\local\vtk\vtk-8.1.2\install\include\vtk-8.1\vtkmath.h(1436): warning C26451: Arithmetic overflow: Using operator '+' on a 4 byte value and then casting the result to a 8 byte value. Cast the value to the wider type before calling operator '+' to avoid overflow (io.2).
c:\local\vtk\vtk-8.1.2\install\include\vtk-8.1\vtkmath.h(1436): warning C26451: Arithmetic overflow: Using operator '+' on a 4 byte value and then casting the result to a 8 byte value. Cast the value to the wider type before calling operator '+' to avoid overflow (io.2).
c:\local\vtk\vtk-8.1.2\install\include\vtk-8.1\vtkmath.h(1436): warning C26451: Arithmetic overflow: Using operator '*' on a 4 byte value and then casting the result to a 8 byte value. Cast the value to the wider type before calling operator '*' to avoid overflow (io.2).
c:\local\vtk\vtk-8.1.2\install\include\vtk-8.1\vtkmath.h(1436): warning C26451: Arithmetic overflow: Using operator '*' on a 4 byte value and then casting the result to a 8 byte value. Cast the value to the wider type before calling operator '*' to avoid overflow (io.2).
c:\users\owner\source\repos\qiita\vtkで作った解析用構造格子を自作fdmソルバーに投げて計算結果をparaviewで見てみる\sampleproject\sampleproject\vtkindexutility.h(21): warning C26451: Arithmetic overflow: Using operator '*' on a 4 byte value and then casting the result to a 8 byte value. Cast the value to the wider type before calling operator '*' to avoid overflow (io.2).
c:\users\owner\source\repos\qiita\vtkで作った解析用構造格子を自作fdmソルバーに投げて計算結果をparaviewで見てみる\sampleproject\sampleproject\vtkindexutility.h(25): warning C26451: Arithmetic overflow: Using operator '*' on a 4 byte value and then casting the result to a 8 byte value. Cast the value to the wider type before calling operator '*' to avoid overflow (io.2).
c:\users\owner\source\repos\qiita\vtkで作った解析用構造格子を自作fdmソルバーに投げて計算結果をparaviewで見てみる\sampleproject\sampleproject\vtkindexutility.h(28): warning C26451: Arithmetic overflow: Using operator '*' on a 4 byte value and then casting the result to a 8 byte value. Cast the value to the wider type before calling operator '*' to avoid overflow (io.2).
c:\users\owner\source\repos\qiita\vtkで作った解析用構造格子を自作fdmソルバーに投げて計算結果をparaviewで見てみる\sampleproject\sampleproject\vtkvoxelmeshgenerator.h(13): warning C26495: Variable 'vtkVoxelMeshGenerator::mins' is uninitialized. Always initialize a member variable (type.6).
c:\local\vtk\vtk-8.1.2\install\include\vtk-8.1\vtkcellarray.h(90): warning C26451: Arithmetic overflow: Using operator '+' on a 4 byte value and then casting the result to a 8 byte value. Cast the value to the wider type before calling operator '+' to avoid overflow (io.2).
c:\users\owner\source\repos\qiita\vtkで作った解析用構造格子を自作fdmソルバーに投げて計算結果をparaviewで見てみる\sampleproject\sampleproject\vtksettinganalyticproperties.cpp(98): warning C26451: Arithmetic overflow: Using operator '-' on a 4 byte value and then casting the result to a 8 byte value. Cast the value to the wider type before calling operator '-' to avoid overflow (io.2).
c:\users\owner\source\repos\qiita\vtkで作った解析用構造格子を自作fdmソルバーに投げて計算結果をparaviewで見てみる\sampleproject\sampleproject\vtksettinganalyticproperties.cpp(112): warning C26451: Arithmetic overflow: Using operator '-' on a 4 byte value and then casting the result to a 8 byte value. Cast the value to the wider type before calling operator '-' to avoid overflow (io.2).
c:\users\owner\source\repos\qiita\vtkで作った解析用構造格子を自作fdmソルバーに投げて計算結果をparaviewで見てみる\sampleproject\sampleproject\vtksettinganalyticproperties.cpp(126): warning C26451: Arithmetic overflow: Using operator '-' on a 4 byte value and then casting the result to a 8 byte value. Cast the value to the wider type before calling operator '-' to avoid overflow (io.2).
c:\local\vtk\vtk-8.1.2\install\include\vtk-8.1\vtkstructureddata.h(265): warning C26451: Arithmetic overflow: Using operator '*' on a 4 byte value and then casting the result to a 8 byte value. Cast the value to the wider type before calling operator '*' to avoid overflow (io.2).
c:\local\vtk\vtk-8.1.2\install\include\vtk-8.1\vtkstructureddata.h(266): warning C26451: Arithmetic overflow: Using operator '*' on a 4 byte value and then casting the result to a 8 byte value. Cast the value to the wider type before calling operator '*' to avoid overflow (io.2).
c:\local\vtk\vtk-8.1.2\install\include\vtk-8.1\vtkstructureddata.h(266): warning C26451: Arithmetic overflow: Using operator '*' on a 4 byte value and then casting the result to a 8 byte value. Cast the value to the wider type before calling operator '*' to avoid overflow (io.2).
c:\local\vtk\vtk-8.1.2\install\include\vtk-8.1\vtkstructureddata.h(310): warning C26451: Arithmetic overflow: Using operator '+' on a 4 byte value and then casting the result to a 8 byte value. Cast the value to the wider type before calling operator '+' to avoid overflow (io.2).
c:\local\vtk\vtk-8.1.2\install\include\vtk-8.1\vtkstructureddata.h(310): warning C26451: Arithmetic overflow: Using operator '-' on a 4 byte value and then casting the result to a 8 byte value. Cast the value to the wider type before calling operator '-' to avoid overflow (io.2).
c:\local\vtk\vtk-8.1.2\install\include\vtk-8.1\vtkstructureddata.h(311): warning C26451: Arithmetic overflow: Using operator '+' on a 4 byte value and then casting the result to a 8 byte value. Cast the value to the wider type before calling operator '+' to avoid overflow (io.2).
c:\local\vtk\vtk-8.1.2\install\include\vtk-8.1\vtkstructureddata.h(311): warning C26451: Arithmetic overflow: Using operator '-' on a 4 byte value and then casting the result to a 8 byte value. Cast the value to the wider type before calling operator '-' to avoid overflow (io.2).
c:\local\vtk\vtk-8.1.2\install\include\vtk-8.1\vtkstructureddata.h(312): warning C26451: Arithmetic overflow: Using operator '+' on a 4 byte value and then casting the result to a 8 byte value. Cast the value to the wider type before calling operator '+' to avoid overflow (io.2).
c:\local\vtk\vtk-8.1.2\install\include\vtk-8.1\vtkstructureddata.h(312): warning C26451: Arithmetic overflow: Using operator '-' on a 4 byte value and then casting the result to a 8 byte value. Cast the value to the wider type before calling operator '-' to avoid overflow (io.2).
c:\local\vtk\vtk-8.1.2\install\include\vtk-8.1\vtkstructuredgrid.h(295): warning C26451: Arithmetic overflow: Using operator '-' on a 4 byte value and then casting the result to a 8 byte value. Cast the value to the wider type before calling operator '-' to avoid overflow (io.2).
