  FDMSolverForHeatEq.cpp
  main.cpp
  SettingAnalyticProperties.cpp
  VoxelMeshGeneratorByVtk.cpp
  コンパイル中...
  コード生成しています。
c:\users\owner\source\repos\qiita\20190117\sampleproject\sampleproject\vtkindexutility.h(30): warning C4172: ローカル変数またはテンポラリのアドレスを返します: xyzId
c:\users\owner\source\repos\qiita\20190117\sampleproject\sampleproject\vtkindexutility.h(46): warning C4172: ローカル変数またはテンポラリのアドレスを返します: peripheralXYZs
  204 of 205 functions (99.5%) were compiled, the rest were copied from previous compilation.
    16 functions were new in current compilation
    0 functions had inline decision re-evaluated but remain unchanged
  コード生成が終了しました。
  SampleProject.vcxproj -> C:\Users\Owner\source\repos\Qiita\20190117\SampleProject\x64\Release\SampleProject.exe
c:\local\vtk\vtk-8.1.2\install\include\vtk-8.1\vtkobjectbase.h(222): warning C26495: Variable 'vtkObjectBase::WeakPointers' is uninitialized. Always initialize a member variable (type.6).
c:\local\vtk\vtk-8.1.2\install\include\vtk-8.1\vtkvariantinlineoperators.h(15): warning C6287: 重複するコードです: 左と右のサブ式が同一です。
c:\users\owner\source\repos\qiita\20190117\sampleproject\sampleproject\fdmsolverforheateq.cpp(16): warning C26495: Variable 'FDMSolverForHeatEq::wallXYZBC' is uninitialized. Always initialize a member variable (type.6).
c:\local\vtk\vtk-8.1.2\install\include\vtk-8.1\vtkmath.h(1438): warning C26451: Arithmetic overflow: Using operator '-' on a 4 byte value and then casting the result to a 8 byte value. Cast the value to the wider type before calling operator '-' to avoid overflow (io.2).
c:\local\vtk\vtk-8.1.2\install\include\vtk-8.1\vtkmath.h(1437): warning C26451: Arithmetic overflow: Using operator '-' on a 4 byte value and then casting the result to a 8 byte value. Cast the value to the wider type before calling operator '-' to avoid overflow (io.2).
c:\local\vtk\vtk-8.1.2\install\include\vtk-8.1\vtkmath.h(1437): warning C26451: Arithmetic overflow: Using operator '-' on a 4 byte value and then casting the result to a 8 byte value. Cast the value to the wider type before calling operator '-' to avoid overflow (io.2).
c:\local\vtk\vtk-8.1.2\install\include\vtk-8.1\vtkmath.h(1436): warning C26451: Arithmetic overflow: Using operator '+' on a 4 byte value and then casting the result to a 8 byte value. Cast the value to the wider type before calling operator '+' to avoid overflow (io.2).
c:\local\vtk\vtk-8.1.2\install\include\vtk-8.1\vtkmath.h(1436): warning C26451: Arithmetic overflow: Using operator '+' on a 4 byte value and then casting the result to a 8 byte value. Cast the value to the wider type before calling operator '+' to avoid overflow (io.2).
c:\local\vtk\vtk-8.1.2\install\include\vtk-8.1\vtkmath.h(1436): warning C26451: Arithmetic overflow: Using operator '*' on a 4 byte value and then casting the result to a 8 byte value. Cast the value to the wider type before calling operator '*' to avoid overflow (io.2).
c:\local\vtk\vtk-8.1.2\install\include\vtk-8.1\vtkmath.h(1436): warning C26451: Arithmetic overflow: Using operator '*' on a 4 byte value and then casting the result to a 8 byte value. Cast the value to the wider type before calling operator '*' to avoid overflow (io.2).
c:\users\owner\source\repos\qiita\20190117\sampleproject\sampleproject\vtkindexutility.h(21): warning C26451: Arithmetic overflow: Using operator '*' on a 4 byte value and then casting the result to a 8 byte value. Cast the value to the wider type before calling operator '*' to avoid overflow (io.2).
c:\users\owner\source\repos\qiita\20190117\sampleproject\sampleproject\vtkindexutility.h(25): warning C26451: Arithmetic overflow: Using operator '*' on a 4 byte value and then casting the result to a 8 byte value. Cast the value to the wider type before calling operator '*' to avoid overflow (io.2).
c:\users\owner\source\repos\qiita\20190117\sampleproject\sampleproject\vtkindexutility.h(28): warning C26451: Arithmetic overflow: Using operator '*' on a 4 byte value and then casting the result to a 8 byte value. Cast the value to the wider type before calling operator '*' to avoid overflow (io.2).
c:\local\vtk\vtk-8.1.2\install\include\vtk-8.1\vtkcellarray.h(90): warning C26451: Arithmetic overflow: Using operator '+' on a 4 byte value and then casting the result to a 8 byte value. Cast the value to the wider type before calling operator '+' to avoid overflow (io.2).
c:\users\owner\source\repos\qiita\20190117\sampleproject\sampleproject\settinganalyticproperties.cpp(11): warning C26495: Variable 'SettingAnalyticProperties::cellDims' is uninitialized. Always initialize a member variable (type.6).
c:\users\owner\source\repos\qiita\20190117\sampleproject\sampleproject\settinganalyticproperties.cpp(106): warning C26451: Arithmetic overflow: Using operator '-' on a 4 byte value and then casting the result to a 8 byte value. Cast the value to the wider type before calling operator '-' to avoid overflow (io.2).
c:\users\owner\source\repos\qiita\20190117\sampleproject\sampleproject\settinganalyticproperties.cpp(120): warning C26451: Arithmetic overflow: Using operator '-' on a 4 byte value and then casting the result to a 8 byte value. Cast the value to the wider type before calling operator '-' to avoid overflow (io.2).
c:\users\owner\source\repos\qiita\20190117\sampleproject\sampleproject\settinganalyticproperties.cpp(134): warning C26451: Arithmetic overflow: Using operator '-' on a 4 byte value and then casting the result to a 8 byte value. Cast the value to the wider type before calling operator '-' to avoid overflow (io.2).
c:\local\vtk\vtk-8.1.2\install\include\vtk-8.1\vtkstructureddata.h(265): warning C26451: Arithmetic overflow: Using operator '*' on a 4 byte value and then casting the result to a 8 byte value. Cast the value to the wider type before calling operator '*' to avoid overflow (io.2).
c:\local\vtk\vtk-8.1.2\install\include\vtk-8.1\vtkstructureddata.h(266): warning C26451: Arithmetic overflow: Using operator '*' on a 4 byte value and then casting the result to a 8 byte value. Cast the value to the wider type before calling operator '*' to avoid overflow (io.2).
c:\local\vtk\vtk-8.1.2\install\include\vtk-8.1\vtkstructureddata.h(266): warning C26451: Arithmetic overflow: Using operator '*' on a 4 byte value and then casting the result to a 8 byte value. Cast the value to the wider type before calling operator '*' to avoid overflow (io.2).
c:\local\vtk\vtk-8.1.2\install\include\vtk-8.1\vtkstructureddata.h(310): warning C26451: Arithmetic overflow: Using operator '+' on a 4 byte value and then casting the result to a 8 byte value. Cast the value to the wider type before calling operator '+' to avoid overflow (io.2).
c:\local\vtk\vtk-8.1.2\install\include\vtk-8.1\vtkstructureddata.h(310): warning C26451: Arithmetic overflow: Using operator '-' on a 4 byte value and then casting the result to a 8 byte value. Cast the value to the wider type before calling operator '-' to avoid overflow (io.2).
c:\local\vtk\vtk-8.1.2\install\include\vtk-8.1\vtkstructureddata.h(311): warning C26451: Arithmetic overflow: Using operator '+' on a 4 byte value and then casting the result to a 8 byte value. Cast the value to the wider type before calling operator '+' to avoid overflow (io.2).
c:\local\vtk\vtk-8.1.2\install\include\vtk-8.1\vtkstructureddata.h(311): warning C26451: Arithmetic overflow: Using operator '-' on a 4 byte value and then casting the result to a 8 byte value. Cast the value to the wider type before calling operator '-' to avoid overflow (io.2).
c:\local\vtk\vtk-8.1.2\install\include\vtk-8.1\vtkstructureddata.h(312): warning C26451: Arithmetic overflow: Using operator '+' on a 4 byte value and then casting the result to a 8 byte value. Cast the value to the wider type before calling operator '+' to avoid overflow (io.2).
c:\local\vtk\vtk-8.1.2\install\include\vtk-8.1\vtkstructureddata.h(312): warning C26451: Arithmetic overflow: Using operator '-' on a 4 byte value and then casting the result to a 8 byte value. Cast the value to the wider type before calling operator '-' to avoid overflow (io.2).
c:\local\vtk\vtk-8.1.2\install\include\vtk-8.1\vtkstructuredgrid.h(295): warning C26451: Arithmetic overflow: Using operator '-' on a 4 byte value and then casting the result to a 8 byte value. Cast the value to the wider type before calling operator '-' to avoid overflow (io.2).
c:\users\owner\source\repos\qiita\20190117\sampleproject\sampleproject\voxelmeshgeneratorbyvtk.cpp(14): warning C26495: Variable 'VoxelMeshGeneratorByVtk::bounds' is uninitialized. Always initialize a member variable (type.6).
